BEGIN;
BEGIN
create or replace view revenue4 (supplier_no, total_revenue) as
	select
		l_suppkey,
		sum(l_extendedprice * (1 - l_discount))
	from
		lineitem
	where
		l_shipdate >= '1997-02-01'
		and l_shipdate < date'1997-02-01' + interval '90 days'
	group by
		l_suppkey;
CREATE VIEW
EXPLAIN
select
	s_suppkey,
	s_name,
	s_address,
	s_phone,
	total_revenue
from
	supplier,
	revenue4
where
	s_suppkey = supplier_no
	and total_revenue = (
		select
			max(total_revenue)
		from
			revenue4
	)
order by
	s_suppkey;
                                                                                                        QUERY PLAN                                                                                                         
---------------------------------------------------------------------------------------------------------------------------------------------------------------------------------------------------------------------------
 Remote Subquery Scan on all (datanode_6_1)  (cost=23567312.30..23644820.83 rows=37410 width=79)
   ->  Merge Join  (cost=23567312.30..23644820.83 rows=37410 width=79)
         Merge Cond: (supplier.s_suppkey = revenue4.supplier_no)
         InitPlan 1 (returns $0)
           ->  Aggregate  (cost=11697866.23..11697866.24 rows=1 width=8)
                 ->  HashAggregate  (cost=11697024.51..11697398.61 rows=37410 width=12)
                       Group Key: lineitem_1.l_suppkey
                       ->  Remote Subquery Scan on all (datanode_1_1,datanode_2_1,datanode_3_1,datanode_4_1,datanode_5_1,datanode_6_1,datanode_7_1,datanode_8_1)  (cost=477369.01..11472040.31 rows=22498420 width=12)
                             ->  HashAggregate  (cost=477369.01..11472040.31 rows=37410 width=12)
                                   Group Key: lineitem_1.l_suppkey
                                   ->  Bitmap Heap Scan on lineitem lineitem_1  (cost=477369.01..11472040.31 rows=22498420 width=12)
                                         Recheck Cond: ((l_shipdate >= '1997-02-01'::date) AND (l_shipdate < '1997-05-02 00:00:00'::timestamp without time zone))
                                         ->  Bitmap Index Scan on lineitem_l_shipdate_l_suppkey__idx  (cost=0.00..471744.40 rows=22498420 width=0)
                                               Index Cond: ((l_shipdate >= '1997-02-01'::date) AND (l_shipdate < '1997-05-02 00:00:00'::timestamp without time zone))
         ->  Index Scan using pk_supplier on supplier  (cost=0.17..74447.56 rows=1000000 width=71)
         ->  Sort  (cost=11869445.88..11869539.41 rows=37410 width=12)
               Sort Key: revenue4.supplier_no
               ->  Subquery Scan on revenue4  (cost=11865762.66..11866604.38 rows=37410 width=12)
                     ->  HashAggregate  (cost=11865762.66..11866230.28 rows=37410 width=12)
                           Group Key: lineitem.l_suppkey
                           Filter: (sum((sum((lineitem.l_extendedprice * ('1'::double precision - lineitem.l_discount))))) = $0)
                           ->  Remote Subquery Scan on all (datanode_1_1,datanode_2_1,datanode_3_1,datanode_4_1,datanode_5_1,datanode_6_1,datanode_7_1,datanode_8_1)  (cost=477369.01..11472040.31 rows=22498420 width=12)
                                 ->  HashAggregate  (cost=477369.01..11472040.31 rows=37410 width=12)
                                       Group Key: lineitem.l_suppkey
                                       ->  Bitmap Heap Scan on lineitem  (cost=477369.01..11472040.31 rows=22498420 width=12)
                                             Recheck Cond: ((l_shipdate >= '1997-02-01'::date) AND (l_shipdate < '1997-05-02 00:00:00'::timestamp without time zone))
                                             ->  Bitmap Index Scan on lineitem_l_shipdate_l_suppkey__idx  (cost=0.00..471744.40 rows=22498420 width=0)
                                                   Index Cond: ((l_shipdate >= '1997-02-01'::date) AND (l_shipdate < '1997-05-02 00:00:00'::timestamp without time zone))
(28 rows)

drop view revenue4;
DROP VIEW
COMMIT;
COMMIT
