BEGIN;
BEGIN
create or replace view revenue3 (supplier_no, total_revenue) as
	select
		l_suppkey,
		sum(l_extendedprice * (1 - l_discount))
	from
		lineitem
	where
		l_shipdate >= '1994-08-01'
		and l_shipdate < date'1994-08-01' + interval '90 days'
	group by
		l_suppkey;
CREATE VIEW
EXPLAIN
select
	s_suppkey,
	s_name,
	s_address,
	s_phone,
	total_revenue
from
	supplier,
	revenue3
where
	s_suppkey = supplier_no
	and total_revenue = (
		select
			max(total_revenue)
		from
			revenue3
	)
order by
	s_suppkey;
                                                                                                        QUERY PLAN                                                                                                         
---------------------------------------------------------------------------------------------------------------------------------------------------------------------------------------------------------------------------
 Remote Subquery Scan on all (datanode_6_1)  (cost=23558799.55..23636305.96 rows=37268 width=79)
   ->  Merge Join  (cost=23558799.55..23636305.96 rows=37268 width=79)
         Merge Cond: (supplier.s_suppkey = revenue3.supplier_no)
         InitPlan 1 (returns $0)
           ->  Aggregate  (cost=11693934.54..11693934.55 rows=1 width=8)
                 ->  HashAggregate  (cost=11693096.01..11693468.69 rows=37268 width=12)
                       Group Key: lineitem_1.l_suppkey
                       ->  Remote Subquery Scan on all (datanode_1_1,datanode_2_1,datanode_3_1,datanode_4_1,datanode_5_1,datanode_6_1,datanode_7_1,datanode_8_1)  (cost=475565.68..11468961.88 rows=22413413 width=12)
                             ->  HashAggregate  (cost=475565.68..11468961.88 rows=37268 width=12)
                                   Group Key: lineitem_1.l_suppkey
                                   ->  Bitmap Heap Scan on lineitem lineitem_1  (cost=475565.68..11468961.88 rows=22413413 width=12)
                                         Recheck Cond: ((l_shipdate >= '1994-08-01'::date) AND (l_shipdate < '1994-10-30 00:00:00'::timestamp without time zone))
                                         ->  Bitmap Index Scan on lineitem_l_shipdate_l_suppkey__idx  (cost=0.00..469962.33 rows=22413413 width=0)
                                               Index Cond: ((l_shipdate >= '1994-08-01'::date) AND (l_shipdate < '1994-10-30 00:00:00'::timestamp without time zone))
         ->  Index Scan using pk_supplier on supplier  (cost=0.17..74447.56 rows=1000000 width=71)
         ->  Sort  (cost=11864864.83..11864958.00 rows=37268 width=12)
               Sort Key: revenue3.supplier_no
               ->  Subquery Scan on revenue3  (cost=11861196.61..11862035.14 rows=37268 width=12)
                     ->  HashAggregate  (cost=11861196.61..11861662.46 rows=37268 width=12)
                           Group Key: lineitem.l_suppkey
                           Filter: (sum((sum((lineitem.l_extendedprice * ('1'::double precision - lineitem.l_discount))))) = $0)
                           ->  Remote Subquery Scan on all (datanode_1_1,datanode_2_1,datanode_3_1,datanode_4_1,datanode_5_1,datanode_6_1,datanode_7_1,datanode_8_1)  (cost=475565.68..11468961.88 rows=22413413 width=12)
                                 ->  HashAggregate  (cost=475565.68..11468961.88 rows=37268 width=12)
                                       Group Key: lineitem.l_suppkey
                                       ->  Bitmap Heap Scan on lineitem  (cost=475565.68..11468961.88 rows=22413413 width=12)
                                             Recheck Cond: ((l_shipdate >= '1994-08-01'::date) AND (l_shipdate < '1994-10-30 00:00:00'::timestamp without time zone))
                                             ->  Bitmap Index Scan on lineitem_l_shipdate_l_suppkey__idx  (cost=0.00..469962.33 rows=22413413 width=0)
                                                   Index Cond: ((l_shipdate >= '1994-08-01'::date) AND (l_shipdate < '1994-10-30 00:00:00'::timestamp without time zone))
(28 rows)

drop view revenue3;
DROP VIEW
COMMIT;
COMMIT
