BEGIN;
BEGIN
EXPLAIN
select
	c_count,
	count(*) as custdist
from
	(
		select
			c_custkey,
			count(o_orderkey)
		from
			customer left outer join orders on
				c_custkey = o_custkey
				and o_comment not like '%express%accounts%'
		group by
			c_custkey
	) as c_orders (c_custkey, c_count)
group by
	c_count
order by
	custdist desc,
	c_count desc;
                                                                                                            QUERY PLAN                                                                                                             
-----------------------------------------------------------------------------------------------------------------------------------------------------------------------------------------------------------------------------------
 Sort  (cost=15405954.43..15405954.93 rows=200 width=8)
   Sort Key: (pg_catalog.count(*)) DESC, c_count DESC
   ->  HashAggregate  (cost=15405944.79..15405946.79 rows=200 width=8)
         Group Key: c_count
         ->  Remote Subquery Scan on all (datanode_1_1,datanode_2_1,datanode_3_1,datanode_4_1,datanode_5_1,datanode_6_1,datanode_7_1,datanode_8_1)  (cost=14708873.96..15330944.79 rows=15000000 width=8)
               ->  HashAggregate  (cost=14708873.96..15330944.79 rows=200 width=8)
                     Group Key: count(orders.o_orderkey)
                     ->  GroupAggregate  (cost=14708873.96..15180944.79 rows=15000000 width=8)
                           Group Key: customer.c_custkey
                           ->  Sort  (cost=14708873.96..14816230.91 rows=42942777 width=8)
                                 Sort Key: customer.c_custkey
                                 ->  Hash Right Join  (cost=690268.00..8677496.56 rows=42942777 width=8)
                                       Hash Cond: (orders.o_custkey = customer.c_custkey)
                                       ->  Remote Subquery Scan on all (datanode_1_1,datanode_2_1,datanode_3_1,datanode_4_1,datanode_5_1,datanode_6_1,datanode_7_1,datanode_8_1)  (cost=100.00..6334993.08 rows=148231237 width=8)
                                             Distribute results by H: o_custkey
                                             ->  Seq Scan on orders  (cost=0.00..4407887.00 rows=148231237 width=8)
                                                   Filter: ((o_comment)::text !~~ '%express%accounts%'::text)
                                       ->  Hash  (cost=637868.00..637868.00 rows=15000000 width=4)
                                             ->  Remote Subquery Scan on all (datanode_5_1)  (cost=100.00..637868.00 rows=15000000 width=4)
                                                   Distribute results by H: c_custkey
                                                   ->  Seq Scan on customer  (cost=0.00..502768.00 rows=15000000 width=4)
(21 rows)

COMMIT;
COMMIT
