BEGIN;
BEGIN
EXPLAIN
select
	c_count,
	count(*) as custdist
from
	(
		select
			c_custkey,
			count(o_orderkey)
		from
			customer left outer join orders on
				c_custkey = o_custkey
				and o_comment not like '%special%accounts%'
		group by
			c_custkey
	) as c_orders (c_custkey, c_count)
group by
	c_count
order by
	custdist desc,
	c_count desc;
                                                                                                            QUERY PLAN                                                                                                             
-----------------------------------------------------------------------------------------------------------------------------------------------------------------------------------------------------------------------------------
 Sort  (cost=16715486.02..16715486.52 rows=200 width=8)
   Sort Key: (pg_catalog.count(*)) DESC, c_count DESC
   ->  HashAggregate  (cost=16715476.38..16715478.38 rows=200 width=8)
         Group Key: c_count
         ->  Remote Subquery Scan on all (datanode_1_1,datanode_2_1,datanode_3_1,datanode_4_1,datanode_5_1,datanode_6_1,datanode_7_1,datanode_8_1)  (cost=16017436.94..16640476.38 rows=15000000 width=8)
               ->  HashAggregate  (cost=16017436.94..16640476.38 rows=200 width=8)
                     Group Key: count(orders.o_orderkey)
                     ->  GroupAggregate  (cost=16017436.94..16490476.38 rows=15000000 width=8)
                           Group Key: customer.c_custkey
                           ->  Sort  (cost=16017436.94..16125116.75 rows=43071925 width=8)
                                 Sort Key: customer.c_custkey
                                 ->  Hash Right Join  (cost=748862.00..9966989.20 rows=43071925 width=8)
                                       Hash Cond: (orders.o_custkey = customer.c_custkey)
                                       ->  Remote Subquery Scan on all (datanode_1_1,datanode_2_1,datanode_3_1,datanode_4_1,datanode_5_1,datanode_6_1,datanode_7_1,datanode_8_1)  (cost=100.00..6340788.43 rows=148677033 width=8)
                                             Distribute results by H: o_custkey
                                             ->  Seq Scan on orders  (cost=0.00..4407887.00 rows=148677033 width=8)
                                                   Filter: ((o_comment)::text !~~ '%special%accounts%'::text)
                                       ->  Hash  (cost=637868.00..637868.00 rows=15000000 width=4)
                                             ->  Remote Subquery Scan on all (datanode_6_1)  (cost=100.00..637868.00 rows=15000000 width=4)
                                                   Distribute results by H: c_custkey
                                                   ->  Seq Scan on customer  (cost=0.00..502768.00 rows=15000000 width=4)
(21 rows)

COMMIT;
COMMIT
