BEGIN;
BEGIN
EXPLAIN
select
	cntrycode,
	count(*) as numcust,
	sum(c_acctbal) as totacctbal
from
	(
		select
			substr(c_phone, 1, 2) as cntrycode,
			c_acctbal
		from
			customer
		where
			substr(c_phone, 1, 2) in
				('30', '20', '25', '17', '15', '10', '24')
			and c_acctbal > (
				select
					avg(c_acctbal)
				from
					customer
				where
					c_acctbal > 0.00
					and substr(c_phone, 1, 2) in
						('30', '20', '25', '17', '15', '10', '24')
			)
			and not exists (
				select
					*
				from
					orders
				where
					o_custkey = c_custkey
			)
	) as vip
group by
	cntrycode
order by
	cntrycode;
                                                                                                         QUERY PLAN                                                                                                          
-----------------------------------------------------------------------------------------------------------------------------------------------------------------------------------------------------------------------------
 GroupAggregate  (cost=6882902.51..7805281.41 rows=1 width=20)
   Group Key: substr((customer.c_phone)::text, 1, 2)
   InitPlan 1 (returns $0)
     ->  Remote Subquery Scan on all (datanode_6_1)  (cost=385358.46..385358.47 rows=1 width=4)
           ->  Aggregate  (cost=385358.46..385358.47 rows=1 width=4)
                 ->  Bitmap Heap Scan on customer customer_1  (cost=124.23..384165.41 rows=477217 width=4)
                       Recheck Cond: ((substr((c_phone)::text, 1, 2) = ANY ('{30,20,25,17,15,10,24}'::text[])) AND (c_acctbal > '0'::double precision))
                       ->  Bitmap Index Scan on customer_c_phone_idx_c_acctbal  (cost=0.00..4.93 rows=477217 width=0)
                             Index Cond: (substr((c_phone)::text, 1, 2) = ANY ('{30,20,25,17,15,10,24}'::text[]))
   ->  Remote Subquery Scan on all (datanode_1_1,datanode_2_1,datanode_3_1,datanode_4_1,datanode_5_1,datanode_6_1,datanode_7_1,datanode_8_1)  (cost=6497544.04..7419922.92 rows=1 width=20)
         ->  GroupAggregate  (cost=6497544.04..7419922.92 rows=1 width=20)
               Group Key: (substr((customer.c_phone)::text, 1, 2))
               ->  Sort  (cost=7419922.93..7419922.93 rows=1 width=20)
                     Sort Key: (substr((customer.c_phone)::text, 1, 2))
                     ->  Hash Anti Join  (cost=6497544.04..7419922.92 rows=1 width=20)
                           Hash Cond: (customer.c_custkey = orders.o_custkey)
                           ->  Remote Subquery Scan on all (datanode_7_1)  (cost=3819.05..309157.91 rows=175000 width=24)
                                 Distribute results by H: c_custkey
                                 ->  Bitmap Heap Scan on customer  (cost=3719.05..303982.91 rows=175000 width=24)
                                       Recheck Cond: ((substr((c_phone)::text, 1, 2) = ANY ('{30,20,25,17,15,10,24}'::text[])) AND (c_acctbal > $0))
                                       ->  Bitmap Index Scan on customer_c_phone_idx  (cost=0.00..3675.30 rows=175000 width=0)
                                             Index Cond: ((substr((c_phone)::text, 1, 2) = ANY ('{30,20,25,17,15,10,24}'::text[])) AND (c_acctbal > $0))
                           ->  Hash  (cost=5382987.00..5382987.00 rows=150000000 width=4)
                                 ->  Remote Subquery Scan on all (datanode_1_1,datanode_2_1,datanode_3_1,datanode_4_1,datanode_5_1,datanode_6_1,datanode_7_1,datanode_8_1)  (cost=100.00..5382987.00 rows=150000000 width=4)
                                       Distribute results by H: o_custkey
                                       ->  Seq Scan on orders  (cost=0.00..4032887.00 rows=150000000 width=4)
(26 rows)

COMMIT;
COMMIT
