BEGIN;
BEGIN
EXPLAIN
select
	supp_nation,
	cust_nation,
	l_year,
	sum(volume) as revenue
from
	(
		select
			n1.n_name as supp_nation,
			n2.n_name as cust_nation,
			extract(year from l_shipdate) as l_year,
			l_extendedprice * (1 - l_discount) as volume
		from
			supplier,
			lineitem,
			orders,
			customer,
			nation n1,
			nation n2
		where
			s_suppkey = l_suppkey
			and o_orderkey = l_orderkey
			and c_custkey = o_custkey
			and s_nationkey = n1.n_nationkey
			and c_nationkey = n2.n_nationkey
			and (
				(n1.n_name = 'BRAZIL' and n2.n_name = 'MOZAMBIQUE')
				or (n1.n_name = 'MOZAMBIQUE' and n2.n_name = 'BRAZIL')
			)
			and l_shipdate between date '1995-01-01' and date '1996-12-31'
	) as shipping
group by
	supp_nation,
	cust_nation,
	l_year
order by
	supp_nation,
	cust_nation,
	l_year;
                                                                                               QUERY PLAN                                                                                               
--------------------------------------------------------------------------------------------------------------------------------------------------------------------------------------------------------
 Sort  (cost=23497508.83..23497516.51 rows=3074 width=64)
   Sort Key: n1.n_name, n2.n_name, (date_part('year'::text, (lineitem.l_shipdate)::timestamp without time zone))
   ->  HashAggregate  (cost=23497284.64..23497330.75 rows=3074 width=64)
         Group Key: n1.n_name, n2.n_name, date_part('year'::text, (lineitem.l_shipdate)::timestamp without time zone)
         ->  Remote Subquery Scan on all (datanode_1_1,datanode_2_1,datanode_3_1,datanode_4_1,datanode_5_1,datanode_6_1,datanode_7_1,datanode_8_1)  (cost=9169966.46..23494643.82 rows=176055 width=64)
               ->  HashAggregate  (cost=9169966.46..23494643.82 rows=3074 width=64)
                     Group Key: n1.n_name, n2.n_name, date_part('year'::text, (lineitem.l_shipdate)::timestamp without time zone)
                     ->  Hash Join  (cost=9169966.46..23494643.82 rows=176055 width=64)
                           Hash Cond: (lineitem.l_orderkey = orders.o_orderkey)
                           Join Filter: (((n1.n_name = 'BRAZIL'::bpchar) AND (n2.n_name = 'MOZAMBIQUE'::bpchar)) OR ((n1.n_name = 'MOZAMBIQUE'::bpchar) AND (n2.n_name = 'BRAZIL'::bpchar)))
                           ->  Hash Join  (cost=3910340.72..18136101.40 rows=14602826 width=42)
                                 Hash Cond: (lineitem.l_suppkey = supplier.s_suppkey)
                                 ->  Bitmap Heap Scan on lineitem  (cost=3872991.32..17268216.26 rows=182535329 width=20)
                                       Recheck Cond: ((l_shipdate >= '1995-01-01'::date) AND (l_shipdate <= '1996-12-31'::date))
                                       ->  Bitmap Index Scan on lineitem_l_shipdate_l_suppkey__idx  (cost=0.00..3827357.49 rows=182535329 width=0)
                                             Index Cond: ((l_shipdate >= '1995-01-01'::date) AND (l_shipdate <= '1996-12-31'::date))
                                 ->  Hash  (cost=36349.40..36349.40 rows=80000 width=30)
                                       ->  Hash Join  (cost=1.40..36349.40 rows=80000 width=30)
                                             Hash Cond: (supplier.s_nationkey = n1.n_nationkey)
                                             ->  Seq Scan on supplier  (cost=0.00..31798.00 rows=1000000 width=8)
                                             ->  Hash  (cost=1.38..1.38 rows=2 width=30)
                                                   ->  Seq Scan on nation n1  (cost=0.00..1.38 rows=2 width=30)
                                                         Filter: ((n_name = 'BRAZIL'::bpchar) OR (n_name = 'MOZAMBIQUE'::bpchar))
                           ->  Hash  (cost=5216170.55..5216170.55 rows=3476415 width=30)
                                 ->  Hash Join  (cost=586019.40..5216170.55 rows=3476415 width=30)
                                       Hash Cond: (orders.o_custkey = customer.c_custkey)
                                       ->  Seq Scan on orders  (cost=0.00..4032887.00 rows=150000000 width=8)
                                       ->  Hash  (cost=571019.40..571019.40 rows=1200000 width=30)
                                             ->  Hash Join  (cost=1.40..571019.40 rows=1200000 width=30)
                                                   Hash Cond: (customer.c_nationkey = n2.n_nationkey)
                                                   ->  Seq Scan on customer  (cost=0.00..502768.00 rows=15000000 width=8)
                                                   ->  Hash  (cost=1.38..1.38 rows=2 width=30)
                                                         ->  Seq Scan on nation n2  (cost=0.00..1.38 rows=2 width=30)
                                                               Filter: ((n_name = 'MOZAMBIQUE'::bpchar) OR (n_name = 'BRAZIL'::bpchar))
(34 rows)

COMMIT;
COMMIT
