BEGIN;
BEGIN
EXPLAIN
select
	c_name,
	c_custkey,
	o_orderkey,
	o_orderdate,
	o_totalprice,
	sum(l_quantity)
from
	customer,
	orders,
	lineitem
where
	o_orderkey in (
		select
			l_orderkey
		from
			lineitem
		group by
			l_orderkey having
				sum(l_quantity) > 312
	)
	and c_custkey = o_custkey
	and o_orderkey = l_orderkey
group by
	c_name,
	c_custkey,
	o_orderkey,
	o_orderdate,
	o_totalprice
order by
	o_totalprice desc,
	o_orderdate
LIMIT 100;
                                                                                                 QUERY PLAN                                                                                                  
-------------------------------------------------------------------------------------------------------------------------------------------------------------------------------------------------------------
 Limit  (cost=132033918.45..132033967.42 rows=100 width=39)
   ->  GroupAggregate  (cost=132033918.45..174592227.35 rows=86915868 width=39)
         Group Key: orders.o_totalprice, orders.o_orderdate, customer.c_name, customer.c_custkey, orders.o_orderkey
         ->  Remote Subquery Scan on all (datanode_1_1,datanode_2_1,datanode_3_1,datanode_4_1,datanode_5_1,datanode_6_1,datanode_7_1,datanode_8_1)  (cost=132033918.45..172419330.65 rows=86915868 width=39)
               ->  GroupAggregate  (cost=132033918.45..172419330.65 rows=86915868 width=39)
                     Group Key: orders.o_totalprice, orders.o_orderdate, customer.c_name, customer.c_custkey, orders.o_orderkey
                     ->  Sort  (cost=186257150.61..186474440.28 rows=86915868 width=39)
                           Sort Key: orders.o_totalprice DESC, orders.o_orderdate, customer.c_name, customer.c_custkey, orders.o_orderkey
                           ->  Hash Join  (cost=132033918.45..172419330.65 rows=86915868 width=39)
                                 Hash Cond: (lineitem.l_orderkey = orders.o_orderkey)
                                 ->  Seq Scan on lineitem  (cost=0.00..16657573.88 rows=600037888 width=8)
                                 ->  Hash  (cost=131592576.51..131592576.51 rows=21727595 width=39)
                                       ->  Hash Join  (cost=122268611.11..131592576.51 rows=21727595 width=39)
                                             Hash Cond: (orders.o_orderkey = lineitem_1.l_orderkey)
                                             ->  Hash Join  (cost=690268.00..8345206.90 rows=43455190 width=35)
                                                   Hash Cond: (orders.o_custkey = customer.c_custkey)
                                                   ->  Seq Scan on orders  (cost=0.00..4032887.00 rows=150000000 width=16)
                                                   ->  Hash  (cost=502768.00..502768.00 rows=15000000 width=23)
                                                         ->  Seq Scan on customer  (cost=0.00..502768.00 rows=15000000 width=23)
                                             ->  Hash  (cost=119583814.10..119583814.10 rows=121571281 width=4)
                                                   ->  GroupAggregate  (cost=112348176.12..118368101.29 rows=121571281 width=8)
                                                         Group Key: lineitem_1.l_orderkey
                                                         Filter: (sum(lineitem_1.l_quantity) > '312'::double precision)
                                                         ->  Sort  (cost=112348176.12..113848270.84 rows=600037888 width=8)
                                                               Sort Key: lineitem_1.l_orderkey
                                                               ->  Seq Scan on lineitem lineitem_1  (cost=0.00..16657573.88 rows=600037888 width=8)
(26 rows)

COMMIT;
COMMIT
